text_num: 24 total sentences: 77  total words: 1090

Sentence 0: Boxing a table can be a great way to make any table look great and can be a good idea for any banquet or catered event
dobj:  make ( table )

Sentence 1: The only thing you will need to know is how to correctly fold and level the tablecloth
dobj:  fold ( tablecloth )

Sentence 2: Try practicing your table boxing skills to get the technique down and make your tables look crisp clean and professionally set
dobj:  practicing ( skills )
dobj:  get ( technique )
dobj:  look ( set )

Sentence 3: Positioning the Cloth
dobj:  Positioning ( Cloth )

Sentence 4: Get the right size tablecloth
dobj:  Get ( tablecloth )

Sentence 5: Using a tablecloth that is the right size is important when boxing a table
dobj:  Using ( tablecloth )
dobj:  boxing ( table )

Sentence 6: A tablecloth that can t fully cover the table won t look quite right when finished
dobj:  cover ( table )

Sentence 7: Make sure you measure your table and use a tablecloth that fits to get the best results
dobj:  measure ( table )
dobj:  use ( tablecloth )
dobj:  get ( results )

Sentence 8: The tablecloth will need to cover the table and reach the floor
dobj:  cover ( table )
dobj:  reach ( floor )

Sentence 9: For example a rectangular table that is 70 wide and 180 long will need a tablecloth that is 128 wide and 238 long
dobj:  need ( tablecloth )

Sentence 10: Place the cloth over the table
dobj:  Place ( cloth )

Sentence 11: Before you can box a table you ll need to place a tablecloth over it
dobj:  box ( table )
dobj:  place ( tablecloth )

Sentence 12: You don t need to be exact just yet

Sentence 13: Simply toss the table cloth over the table covering the surface of the tabletop
dobj:  toss ( cloth )
dobj:  covering ( surface )

Sentence 14: Even up the ends of the tablecloth

Sentence 15: Once the tablecloth has been placed over the table you can begin to level the cloth out on each end
nsubjpass:  placed ( tablecloth )
dobj:  level ( cloth )

Sentence 16: The tablecloth should cover the table evenly with both ends of it having the same length of cloth covering them
dobj:  cover ( table )
dobj:  covering ( them )

Sentence 17: Make sure that the edges of the tablecloth near the floor are hanging at an equal length

Sentence 18: Both ends of the table should have an equal length of cloth
dobj:  have ( length )

Sentence 19: The lower edges of the tablecloth should either be touching or just above the floor
dobj:  touching ( just )

Sentence 20: Level the front side of the cloth

Sentence 21: The front side of the tablecloth is the side that guests will most likely noticed

Sentence 22: For this reason it is important that you make sure the front edge is level along its length

Sentence 23: Neither side should be higher or lower than the other

Sentence 24: Take a few moments to make sure the front lower edge is level with the floor
dobj:  Take ( moments )

Sentence 25: The front side of the cloth should barely touch the floor
dobj:  touch ( floor )

Sentence 26: An unleveled front edge can make the rest of the table boxing unleveled in turn
dobj:  make ( rest )

Sentence 27: Beginning to Box the Table

Sentence 28: Hold the front corner in place with your left hand
dobj:  Hold ( corner )

Sentence 29: Stand on one edge of the table and use your left hand to secure the left corner of the table cloth
dobj:  use ( hand )
dobj:  secure ( corner )

Sentence 30: It s recommend that you use your pointer and middle fingers to hold the cloth in place
dobj:  use ( pointer )
dobj:  hold ( cloth )

Sentence 31: Holding the table cloth at this point will help prevent the cloth from shifting and will keep the angles looking clean and sharp
dobj:  prevent ( cloth )
dobj:  keep ( angles )

Sentence 32: -----LONG_TEXT_SEPARATOR-----

Sentence 33: Lift the lower right corner up
dobj:  Lift ( corner )

Sentence 34: While holding the cloth in place with your left hand reach down with your right hand and grab the lower corner of the tablecloth
dobj:  holding ( cloth )
dobj:  grab ( corner )

Sentence 35: Once you ve got the lower right corner of the cloth in hand you can start to bring it up and over the table top
dobj:  got ( corner )
dobj:  bring ( it )

Sentence 36: It may be helpful to hold the rest of the cloth in place with your thighs by standing against the table
dobj:  hold ( rest )

Sentence 37: Pull the cloth tight in order to get a good crisp line in the fabric
dobj:  Pull ( cloth )
dobj:  get ( line )

Sentence 38: Keep the corner of the table in a straight line matching the edge of the table
dobj:  Keep ( corner )
dobj:  matching ( edge )

Sentence 39: Bring the lower right corner up and across the table
dobj:  Bring ( corner )
dobj:  Bring ( table )

Sentence 40: Move the lower right corner of the tablecloth up and over the table surface
dobj:  Move ( corner )

Sentence 41: You are going to bring this corner of the cloth to the center of the table s front edge
dobj:  bring ( corner )

Sentence 42: This action will allow you to create the crisp lines and folds needed when boxing a table
dobj:  allow ( you )
dobj:  create ( lines )

Sentence 43: The corner should end in the front and center of the table top

Sentence 44: Don t worry if it looks messy at this point

Sentence 45: There is still time to fix the tablecloth
dobj:  fix ( tablecloth )

Sentence 46: Make sure the cloth was pulled tightly to ensure a clean fold
nsubjpass:  pulled ( cloth )
dobj:  ensure ( fold )

Sentence 47: Adjust the side of the tablecloth
dobj:  Adjust ( side )

Sentence 48: Before you continue to box the table it s a good idea to make adjustments to the side of the tablecloth
dobj:  box ( table )
dobj:  make ( adjustments )

Sentence 49: If it s crooked or unleveled it will still be this way when you are finished
nsubjpass:  finished ( you )

Sentence 50: Take a moment to adjust the side of the tablecloth you started on
dobj:  Take ( moment )
dobj:  adjust ( side )

Sentence 51: The bottom of the tablecloth should be level with the floor

Sentence 52: Try to have the bottom edge of the tablecloth touching or placed just above the floor
dobj:  have ( edge )

Sentence 53: Finishing the Technique
dobj:  Finishing ( Technique )

Sentence 54: Hold the top-right corner and adjust the top
dobj:  Hold ( corner )
dobj:  adjust ( top )

Sentence 55: Go around to the back of the table now and hold the corner you lifted up in place
dobj:  hold ( corner )

Sentence 56: From here you can begin adjusting the cloth on the top of the table removing wrinkles unwanted folds and generally making it lay as flat as possible
dobj:  adjusting ( cloth )
dobj:  removing ( folds )

Sentence 57: Keep one hand in place holding the table cloth to prevent the tablecloth from falling down and ruining your work
dobj:  Keep ( hand )
dobj:  holding ( cloth )
dobj:  prevent ( tablecloth )
dobj:  ruining ( work )

Sentence 58: Try gently waving the top section of cloth to work out folds or wrinkles
dobj:  waving ( section )
dobj:  work ( folds )

Sentence 59: Pull the cloth slightly to fix areas where the cloth bunched up
dobj:  Pull ( cloth )
dobj:  fix ( areas )

Sentence 60: Remember to keep the lower sides of the tablecloth level with the ground
dobj:  keep ( sides )

Sentence 61: Bring the side back down
dobj:  Bring ( side )

Sentence 62: Once the top of the cloth is folded and flat you can bring the top fold back down
nsubjpass:  folded ( top )

Sentence 63: Take the corner you originally placed at the top-center edge of the table lift it up and fold it down to the right hand corner
dobj:  Take ( corner )
dobj:  lift ( it )
dobj:  fold ( it )

Sentence 64: This is the last fold you will need to do when boxing this side of the table
dobj:  boxing ( side )

Sentence 65: It s a good idea to hold the right corner of the tablecloth in place while you fold the top over to meet it
dobj:  hold ( corner )
dobj:  meet ( it )

Sentence 66: Don t worry if the edge doesn t line up you can still make adjustments
dobj:  make ( adjustments )

Sentence 67: -----LONG_TEXT_SEPARATOR-----

Sentence 68: Make final adjustments
dobj:  Make ( adjustments )

Sentence 69: Now that table boxing is complete you can make your final adjustments
dobj:  make ( adjustments )

Sentence 70: You ll want to make sure that the edge of the tablecloth lines up with the edge of the table

Sentence 71: Remove any wrinkles bumps or unwanted folds if you notice any
dobj:  Remove ( bumps )
dobj:  notice ( any )

Sentence 72: The tablecloth should lay completely flat when you have finished

Sentence 73: Do the other side of the table
dobj:  Do ( side )

Sentence 74: Now that you have completed the fold on one side of the table you can move on to the opposite end
dobj:  completed ( fold )

Sentence 75: Both sides should be folded in the same exact way to give the tablecloth a symmetrical and clean finished look
nsubjpass:  folded ( sides )
dobj:  give ( look )

Sentence 76: Follow the same steps on the opposite end of the table to box the table
dobj:  Follow ( steps )